  View_visualization.cpp
c:\users\hirad gorgoroth\documents\github\sciviz\smoke\smoke\view_visualization.cpp(120): warning C4101: 'f': unreferenced local variable
c:\users\hirad gorgoroth\documents\github\sciviz\smoke\smoke\view_visualization.cpp(306): warning C4101: 'left_x': unreferenced local variable
c:\users\hirad gorgoroth\documents\github\sciviz\smoke\smoke\view_visualization.cpp(306): warning C4101: 'right_y': unreferenced local variable
c:\users\hirad gorgoroth\documents\github\sciviz\smoke\smoke\view_visualization.cpp(306): warning C4101: 'right_x': unreferenced local variable
c:\users\hirad gorgoroth\documents\github\sciviz\smoke\smoke\view_visualization.cpp(297): warning C4101: 'angle': unreferenced local variable
c:\users\hirad gorgoroth\documents\github\sciviz\smoke\smoke\view_visualization.cpp(306): warning C4101: 'left_y': unreferenced local variable
  Model_fftw.cpp
  fluids.cpp
  Model_color.cpp
  controller_viewInteraction.cpp
c:\users\hirad gorgoroth\documents\github\sciviz\smoke\smoke\controller_viewinteraction.cpp(72): warning C4101: 'len': unreferenced local variable
c:\users\hirad gorgoroth\documents\github\sciviz\smoke\smoke\controller_viewinteraction.cpp(72): warning C4101: 'dy': unreferenced local variable
c:\users\hirad gorgoroth\documents\github\sciviz\smoke\smoke\controller_viewinteraction.cpp(72): warning C4101: 'Y': unreferenced local variable
c:\users\hirad gorgoroth\documents\github\sciviz\smoke\smoke\controller_viewinteraction.cpp(72): warning C4101: 'dx': unreferenced local variable
c:\users\hirad gorgoroth\documents\github\sciviz\smoke\smoke\controller_viewinteraction.cpp(72): warning C4101: 'X': unreferenced local variable
  Controller_keyboard.cpp
  Generating Code...
Controller_keyboard.obj : warning LNK4075: ignoring '/EDITANDCONTINUE' due to '/SAFESEH' specification
  Smoke.vcxproj -> C:\Users\Hirad Gorgoroth\Documents\GitHub\SciViz\Smoke\Debug\Smoke.exe
