D:\VisualStudio\Common7\IDE\VC\VCTargets\Microsoft.CppBuild.targets(387,5): warning MSB8028: The intermediate directory (.\Debug\) contains files shared from another project (example1.vcxproj, example2.vcxproj, example3.vcxproj, example4.vcxproj).  This can lead to incorrect clean and rebuild behavior.
  glui.cpp
C:\Users\Paul\Desktop\AI\BlockC\ScientificVisualization\SciViz\Smoke\glui-2.36\src\include\GL/glui.h(60): fatal error C1083: Cannot open include file: 'GL/glut.h': No such file or directory
  glui_add_controls.cpp
C:\Users\Paul\Desktop\AI\BlockC\ScientificVisualization\SciViz\Smoke\glui-2.36\src\include\GL/glui.h(60): fatal error C1083: Cannot open include file: 'GL/glut.h': No such file or directory
  glui_bitmaps.cpp
C:\Users\Paul\Desktop\AI\BlockC\ScientificVisualization\SciViz\Smoke\glui-2.36\src\include\GL/glui.h(60): fatal error C1083: Cannot open include file: 'GL/glut.h': No such file or directory
  glui_button.cpp
C:\Users\Paul\Desktop\AI\BlockC\ScientificVisualization\SciViz\Smoke\glui-2.36\src\include\GL/glui.h(60): fatal error C1083: Cannot open include file: 'GL/glut.h': No such file or directory
  glui_checkbox.cpp
C:\Users\Paul\Desktop\AI\BlockC\ScientificVisualization\SciViz\Smoke\glui-2.36\src\include\GL/glui.h(60): fatal error C1083: Cannot open include file: 'GL/glut.h': No such file or directory
  glui_column.cpp
C:\Users\Paul\Desktop\AI\BlockC\ScientificVisualization\SciViz\Smoke\glui-2.36\src\include\GL/glui.h(60): fatal error C1083: Cannot open include file: 'GL/glut.h': No such file or directory
  glui_commandline.cpp
C:\Users\Paul\Desktop\AI\BlockC\ScientificVisualization\SciViz\Smoke\glui-2.36\src\include\GL/glui.h(60): fatal error C1083: Cannot open include file: 'GL/glut.h': No such file or directory
  glui_control.cpp
C:\Users\Paul\Desktop\AI\BlockC\ScientificVisualization\SciViz\Smoke\glui-2.36\src\include\GL/glui.h(60): fatal error C1083: Cannot open include file: 'GL/glut.h': No such file or directory
  glui_edittext.cpp
C:\Users\Paul\Desktop\AI\BlockC\ScientificVisualization\SciViz\Smoke\glui-2.36\src\include\GL/glui.h(60): fatal error C1083: Cannot open include file: 'GL/glut.h': No such file or directory
  glui_filebrowser.cpp
C:\Users\Paul\Desktop\AI\BlockC\ScientificVisualization\SciViz\Smoke\glui-2.36\src\include\GL/glui.h(60): fatal error C1083: Cannot open include file: 'GL/glut.h': No such file or directory
  glui_list.cpp
C:\Users\Paul\Desktop\AI\BlockC\ScientificVisualization\SciViz\Smoke\glui-2.36\src\include\GL/glui.h(60): fatal error C1083: Cannot open include file: 'GL/glut.h': No such file or directory
  glui_listbox.cpp
C:\Users\Paul\Desktop\AI\BlockC\ScientificVisualization\SciViz\Smoke\glui-2.36\src\include\GL/glui.h(60): fatal error C1083: Cannot open include file: 'GL/glut.h': No such file or directory
  glui_mouse_iaction.cpp
C:\Users\Paul\Desktop\AI\BlockC\ScientificVisualization\SciViz\Smoke\glui-2.36\src\include\GL/glui.h(60): fatal error C1083: Cannot open include file: 'GL/glut.h': No such file or directory
  glui_node.cpp
C:\Users\Paul\Desktop\AI\BlockC\ScientificVisualization\SciViz\Smoke\glui-2.36\src\include\GL/glui.h(60): fatal error C1083: Cannot open include file: 'GL/glut.h': No such file or directory
  glui_panel.cpp
C:\Users\Paul\Desktop\AI\BlockC\ScientificVisualization\SciViz\Smoke\glui-2.36\src\include\GL/glui.h(60): fatal error C1083: Cannot open include file: 'GL/glut.h': No such file or directory
  glui_radio.cpp
C:\Users\Paul\Desktop\AI\BlockC\ScientificVisualization\SciViz\Smoke\glui-2.36\src\include\GL/glui.h(60): fatal error C1083: Cannot open include file: 'GL/glut.h': No such file or directory
  glui_rollout.cpp
C:\Users\Paul\Desktop\AI\BlockC\ScientificVisualization\SciViz\Smoke\glui-2.36\src\include\GL/glui.h(60): fatal error C1083: Cannot open include file: 'GL/glut.h': No such file or directory
  glui_rotation.cpp
C:\Users\Paul\Desktop\AI\BlockC\ScientificVisualization\SciViz\Smoke\glui-2.36\src\include\GL/glui.h(60): fatal error C1083: Cannot open include file: 'GL/glut.h': No such file or directory
  glui_scrollbar.cpp
C:\Users\Paul\Desktop\AI\BlockC\ScientificVisualization\SciViz\Smoke\glui-2.36\src\include\GL/glui.h(60): fatal error C1083: Cannot open include file: 'GL/glut.h': No such file or directory
  glui_separator.cpp
C:\Users\Paul\Desktop\AI\BlockC\ScientificVisualization\SciViz\Smoke\glui-2.36\src\include\GL/glui.h(60): fatal error C1083: Cannot open include file: 'GL/glut.h': No such file or directory
  Generating Code...
  Compiling...
  glui_spinner.cpp
C:\Users\Paul\Desktop\AI\BlockC\ScientificVisualization\SciViz\Smoke\glui-2.36\src\include\GL/glui.h(60): fatal error C1083: Cannot open include file: 'GL/glut.h': No such file or directory
  glui_statictext.cpp
C:\Users\Paul\Desktop\AI\BlockC\ScientificVisualization\SciViz\Smoke\glui-2.36\src\include\GL/glui.h(60): fatal error C1083: Cannot open include file: 'GL/glut.h': No such file or directory
  glui_string.cpp
C:\Users\Paul\Desktop\AI\BlockC\ScientificVisualization\SciViz\Smoke\glui-2.36\src\include\GL/glui.h(60): fatal error C1083: Cannot open include file: 'GL/glut.h': No such file or directory
  glui_textbox.cpp
C:\Users\Paul\Desktop\AI\BlockC\ScientificVisualization\SciViz\Smoke\glui-2.36\src\include\GL/glui.h(60): fatal error C1083: Cannot open include file: 'GL/glut.h': No such file or directory
  glui_translation.cpp
C:\Users\Paul\Desktop\AI\BlockC\ScientificVisualization\SciViz\Smoke\glui-2.36\src\include\GL/glui.h(60): fatal error C1083: Cannot open include file: 'GL/glut.h': No such file or directory
  glui_tree.cpp
C:\Users\Paul\Desktop\AI\BlockC\ScientificVisualization\SciViz\Smoke\glui-2.36\src\include\GL/glui.h(60): fatal error C1083: Cannot open include file: 'GL/glut.h': No such file or directory
  glui_treepanel.cpp
C:\Users\Paul\Desktop\AI\BlockC\ScientificVisualization\SciViz\Smoke\glui-2.36\src\include\GL/glui.h(60): fatal error C1083: Cannot open include file: 'GL/glut.h': No such file or directory
  glui_window.cpp
C:\Users\Paul\Desktop\AI\BlockC\ScientificVisualization\SciViz\Smoke\glui-2.36\src\include\GL/glui.h(60): fatal error C1083: Cannot open include file: 'GL/glut.h': No such file or directory
  Generating Code...
