C:\Program Files (x86)\Microsoft Visual Studio\2017\Community\Common7\IDE\VC\VCTargets\Microsoft.CppBuild.targets(387,5): warning MSB8028: The intermediate directory (.\Release\) contains files shared from another project (GLUI.vcxproj).  This can lead to incorrect clean and rebuild behavior.
  example2.cpp
C:\Program Files (x86)\Windows Kits\8.1\Include\um\GL/gl.h(1157): error C2144: syntax error: 'void' should be preceded by ';'
C:\Program Files (x86)\Windows Kits\8.1\Include\um\GL/gl.h(1157): error C4430: missing type specifier - int assumed. Note: C++ does not support default-int
C:\Program Files (x86)\Windows Kits\8.1\Include\um\GL/gl.h(1157): error C2182: 'APIENTRY': illegal use of type 'void'
C:\Program Files (x86)\Windows Kits\8.1\Include\um\GL/gl.h(1157): error C2146: syntax error: missing ';' before identifier 'glAccum'
C:\Program Files (x86)\Windows Kits\8.1\Include\um\GL/gl.h(1158): error C2144: syntax error: 'void' should be preceded by ';'
C:\Program Files (x86)\Windows Kits\8.1\Include\um\GL/gl.h(1158): error C4430: missing type specifier - int assumed. Note: C++ does not support default-int
C:\Program Files (x86)\Windows Kits\8.1\Include\um\GL/gl.h(1158): error C2086: 'int WINGDIAPI': redefinition
  C:\Program Files (x86)\Windows Kits\8.1\Include\um\GL/gl.h(1157): note: see declaration of 'WINGDIAPI'
C:\Program Files (x86)\Windows Kits\8.1\Include\um\GL/gl.h(1158): error C2182: 'APIENTRY': illegal use of type 'void'
C:\Program Files (x86)\Windows Kits\8.1\Include\um\GL/gl.h(1158): error C2086: 'int APIENTRY': redefinition
  C:\Program Files (x86)\Windows Kits\8.1\Include\um\GL/gl.h(1157): note: see declaration of 'APIENTRY'
C:\Program Files (x86)\Windows Kits\8.1\Include\um\GL/gl.h(1158): error C2146: syntax error: missing ';' before identifier 'glAlphaFunc'
C:\Program Files (x86)\Windows Kits\8.1\Include\um\GL/gl.h(1159): error C4430: missing type specifier - int assumed. Note: C++ does not support default-int
C:\Program Files (x86)\Windows Kits\8.1\Include\um\GL/gl.h(1159): error C2086: 'int WINGDIAPI': redefinition
  C:\Program Files (x86)\Windows Kits\8.1\Include\um\GL/gl.h(1157): note: see declaration of 'WINGDIAPI'
C:\Program Files (x86)\Windows Kits\8.1\Include\um\GL/gl.h(1159): error C2146: syntax error: missing ';' before identifier 'GLboolean'
C:\Program Files (x86)\Windows Kits\8.1\Include\um\GL/gl.h(1160): error C2144: syntax error: 'void' should be preceded by ';'
C:\Program Files (x86)\Windows Kits\8.1\Include\um\GL/gl.h(1160): error C4430: missing type specifier - int assumed. Note: C++ does not support default-int
C:\Program Files (x86)\Windows Kits\8.1\Include\um\GL/gl.h(1160): error C2086: 'int WINGDIAPI': redefinition
  C:\Program Files (x86)\Windows Kits\8.1\Include\um\GL/gl.h(1157): note: see declaration of 'WINGDIAPI'
C:\Program Files (x86)\Windows Kits\8.1\Include\um\GL/gl.h(1160): error C2182: 'APIENTRY': illegal use of type 'void'
C:\Program Files (x86)\Windows Kits\8.1\Include\um\GL/gl.h(1160): error C2086: 'int APIENTRY': redefinition
  C:\Program Files (x86)\Windows Kits\8.1\Include\um\GL/gl.h(1157): note: see declaration of 'APIENTRY'
C:\Program Files (x86)\Windows Kits\8.1\Include\um\GL/gl.h(1160): error C2146: syntax error: missing ';' before identifier 'glArrayElement'
C:\Program Files (x86)\Windows Kits\8.1\Include\um\GL/gl.h(1161): error C2144: syntax error: 'void' should be preceded by ';'
C:\Program Files (x86)\Windows Kits\8.1\Include\um\GL/gl.h(1161): error C4430: missing type specifier - int assumed. Note: C++ does not support default-int
C:\Program Files (x86)\Windows Kits\8.1\Include\um\GL/gl.h(1161): error C2086: 'int WINGDIAPI': redefinition
  C:\Program Files (x86)\Windows Kits\8.1\Include\um\GL/gl.h(1157): note: see declaration of 'WINGDIAPI'
C:\Program Files (x86)\Windows Kits\8.1\Include\um\GL/gl.h(1161): error C2182: 'APIENTRY': illegal use of type 'void'
C:\Program Files (x86)\Windows Kits\8.1\Include\um\GL/gl.h(1161): error C2086: 'int APIENTRY': redefinition
  C:\Program Files (x86)\Windows Kits\8.1\Include\um\GL/gl.h(1157): note: see declaration of 'APIENTRY'
C:\Program Files (x86)\Windows Kits\8.1\Include\um\GL/gl.h(1161): error C2146: syntax error: missing ';' before identifier 'glBegin'
C:\Program Files (x86)\Windows Kits\8.1\Include\um\GL/gl.h(1162): error C2144: syntax error: 'void' should be preceded by ';'
C:\Program Files (x86)\Windows Kits\8.1\Include\um\GL/gl.h(1162): error C4430: missing type specifier - int assumed. Note: C++ does not support default-int
C:\Program Files (x86)\Windows Kits\8.1\Include\um\GL/gl.h(1162): error C2086: 'int WINGDIAPI': redefinition
  C:\Program Files (x86)\Windows Kits\8.1\Include\um\GL/gl.h(1157): note: see declaration of 'WINGDIAPI'
C:\Program Files (x86)\Windows Kits\8.1\Include\um\GL/gl.h(1162): error C2182: 'APIENTRY': illegal use of type 'void'
C:\Program Files (x86)\Windows Kits\8.1\Include\um\GL/gl.h(1162): error C2086: 'int APIENTRY': redefinition
  C:\Program Files (x86)\Windows Kits\8.1\Include\um\GL/gl.h(1157): note: see declaration of 'APIENTRY'
C:\Program Files (x86)\Windows Kits\8.1\Include\um\GL/gl.h(1162): error C2146: syntax error: missing ';' before identifier 'glBindTexture'
C:\Program Files (x86)\Windows Kits\8.1\Include\um\GL/gl.h(1163): error C2144: syntax error: 'void' should be preceded by ';'
C:\Program Files (x86)\Windows Kits\8.1\Include\um\GL/gl.h(1163): error C4430: missing type specifier - int assumed. Note: C++ does not support default-int
C:\Program Files (x86)\Windows Kits\8.1\Include\um\GL/gl.h(1163): error C2086: 'int WINGDIAPI': redefinition
  C:\Program Files (x86)\Windows Kits\8.1\Include\um\GL/gl.h(1157): note: see declaration of 'WINGDIAPI'
C:\Program Files (x86)\Windows Kits\8.1\Include\um\GL/gl.h(1163): error C2182: 'APIENTRY': illegal use of type 'void'
C:\Program Files (x86)\Windows Kits\8.1\Include\um\GL/gl.h(1163): error C2086: 'int APIENTRY': redefinition
  C:\Program Files (x86)\Windows Kits\8.1\Include\um\GL/gl.h(1157): note: see declaration of 'APIENTRY'
C:\Program Files (x86)\Windows Kits\8.1\Include\um\GL/gl.h(1163): error C2146: syntax error: missing ';' before identifier 'glBitmap'
C:\Program Files (x86)\Windows Kits\8.1\Include\um\GL/gl.h(1164): error C2144: syntax error: 'void' should be preceded by ';'
C:\Program Files (x86)\Windows Kits\8.1\Include\um\GL/gl.h(1164): error C4430: missing type specifier - int assumed. Note: C++ does not support default-int
C:\Program Files (x86)\Windows Kits\8.1\Include\um\GL/gl.h(1164): error C2086: 'int WINGDIAPI': redefinition
  C:\Program Files (x86)\Windows Kits\8.1\Include\um\GL/gl.h(1157): note: see declaration of 'WINGDIAPI'
C:\Program Files (x86)\Windows Kits\8.1\Include\um\GL/gl.h(1164): error C2182: 'APIENTRY': illegal use of type 'void'
C:\Program Files (x86)\Windows Kits\8.1\Include\um\GL/gl.h(1164): error C2086: 'int APIENTRY': redefinition
  C:\Program Files (x86)\Windows Kits\8.1\Include\um\GL/gl.h(1157): note: see declaration of 'APIENTRY'
C:\Program Files (x86)\Windows Kits\8.1\Include\um\GL/gl.h(1164): error C2146: syntax error: missing ';' before identifier 'glBlendFunc'
C:\Program Files (x86)\Windows Kits\8.1\Include\um\GL/gl.h(1165): error C2144: syntax error: 'void' should be preceded by ';'
C:\Program Files (x86)\Windows Kits\8.1\Include\um\GL/gl.h(1165): error C4430: missing type specifier - int assumed. Note: C++ does not support default-int
C:\Program Files (x86)\Windows Kits\8.1\Include\um\GL/gl.h(1165): error C2086: 'int WINGDIAPI': redefinition
  C:\Program Files (x86)\Windows Kits\8.1\Include\um\GL/gl.h(1157): note: see declaration of 'WINGDIAPI'
C:\Program Files (x86)\Windows Kits\8.1\Include\um\GL/gl.h(1165): error C2182: 'APIENTRY': illegal use of type 'void'
C:\Program Files (x86)\Windows Kits\8.1\Include\um\GL/gl.h(1165): error C2086: 'int APIENTRY': redefinition
  C:\Program Files (x86)\Windows Kits\8.1\Include\um\GL/gl.h(1157): note: see declaration of 'APIENTRY'
C:\Program Files (x86)\Windows Kits\8.1\Include\um\GL/gl.h(1165): error C2146: syntax error: missing ';' before identifier 'glCallList'
C:\Program Files (x86)\Windows Kits\8.1\Include\um\GL/gl.h(1166): error C2144: syntax error: 'void' should be preceded by ';'
C:\Program Files (x86)\Windows Kits\8.1\Include\um\GL/gl.h(1166): error C4430: missing type specifier - int assumed. Note: C++ does not support default-int
C:\Program Files (x86)\Windows Kits\8.1\Include\um\GL/gl.h(1166): error C2086: 'int WINGDIAPI': redefinition
  C:\Program Files (x86)\Windows Kits\8.1\Include\um\GL/gl.h(1157): note: see declaration of 'WINGDIAPI'
C:\Program Files (x86)\Windows Kits\8.1\Include\um\GL/gl.h(1166): error C2182: 'APIENTRY': illegal use of type 'void'
C:\Program Files (x86)\Windows Kits\8.1\Include\um\GL/gl.h(1166): error C2086: 'int APIENTRY': redefinition
  C:\Program Files (x86)\Windows Kits\8.1\Include\um\GL/gl.h(1157): note: see declaration of 'APIENTRY'
C:\Program Files (x86)\Windows Kits\8.1\Include\um\GL/gl.h(1166): error C2146: syntax error: missing ';' before identifier 'glCallLists'
C:\Program Files (x86)\Windows Kits\8.1\Include\um\GL/gl.h(1167): error C2144: syntax error: 'void' should be preceded by ';'
C:\Program Files (x86)\Windows Kits\8.1\Include\um\GL/gl.h(1167): error C4430: missing type specifier - int assumed. Note: C++ does not support default-int
C:\Program Files (x86)\Windows Kits\8.1\Include\um\GL/gl.h(1167): error C2086: 'int WINGDIAPI': redefinition
  C:\Program Files (x86)\Windows Kits\8.1\Include\um\GL/gl.h(1157): note: see declaration of 'WINGDIAPI'
C:\Program Files (x86)\Windows Kits\8.1\Include\um\GL/gl.h(1167): error C2182: 'APIENTRY': illegal use of type 'void'
C:\Program Files (x86)\Windows Kits\8.1\Include\um\GL/gl.h(1167): error C2086: 'int APIENTRY': redefinition
  C:\Program Files (x86)\Windows Kits\8.1\Include\um\GL/gl.h(1157): note: see declaration of 'APIENTRY'
C:\Program Files (x86)\Windows Kits\8.1\Include\um\GL/gl.h(1167): error C2146: syntax error: missing ';' before identifier 'glClear'
C:\Program Files (x86)\Windows Kits\8.1\Include\um\GL/gl.h(1168): error C2144: syntax error: 'void' should be preceded by ';'
C:\Program Files (x86)\Windows Kits\8.1\Include\um\GL/gl.h(1168): error C4430: missing type specifier - int assumed. Note: C++ does not support default-int
C:\Program Files (x86)\Windows Kits\8.1\Include\um\GL/gl.h(1168): error C2086: 'int WINGDIAPI': redefinition
  C:\Program Files (x86)\Windows Kits\8.1\Include\um\GL/gl.h(1157): note: see declaration of 'WINGDIAPI'
C:\Program Files (x86)\Windows Kits\8.1\Include\um\GL/gl.h(1168): error C2182: 'APIENTRY': illegal use of type 'void'
C:\Program Files (x86)\Windows Kits\8.1\Include\um\GL/gl.h(1168): error C2086: 'int APIENTRY': redefinition
  C:\Program Files (x86)\Windows Kits\8.1\Include\um\GL/gl.h(1157): note: see declaration of 'APIENTRY'
C:\Program Files (x86)\Windows Kits\8.1\Include\um\GL/gl.h(1168): error C2146: syntax error: missing ';' before identifier 'glClearAccum'
C:\Program Files (x86)\Windows Kits\8.1\Include\um\GL/gl.h(1169): error C2144: syntax error: 'void' should be preceded by ';'
C:\Program Files (x86)\Windows Kits\8.1\Include\um\GL/gl.h(1169): error C4430: missing type specifier - int assumed. Note: C++ does not support default-int
C:\Program Files (x86)\Windows Kits\8.1\Include\um\GL/gl.h(1169): error C2086: 'int WINGDIAPI': redefinition
  C:\Program Files (x86)\Windows Kits\8.1\Include\um\GL/gl.h(1157): note: see declaration of 'WINGDIAPI'
C:\Program Files (x86)\Windows Kits\8.1\Include\um\GL/gl.h(1169): error C2182: 'APIENTRY': illegal use of type 'void'
C:\Program Files (x86)\Windows Kits\8.1\Include\um\GL/gl.h(1169): error C2086: 'int APIENTRY': redefinition
  C:\Program Files (x86)\Windows Kits\8.1\Include\um\GL/gl.h(1157): note: see declaration of 'APIENTRY'
C:\Program Files (x86)\Windows Kits\8.1\Include\um\GL/gl.h(1169): error C2146: syntax error: missing ';' before identifier 'glClearColor'
C:\Program Files (x86)\Windows Kits\8.1\Include\um\GL/gl.h(1170): error C2144: syntax error: 'void' should be preceded by ';'
C:\Program Files (x86)\Windows Kits\8.1\Include\um\GL/gl.h(1170): error C4430: missing type specifier - int assumed. Note: C++ does not support default-int
C:\Program Files (x86)\Windows Kits\8.1\Include\um\GL/gl.h(1170): error C2086: 'int WINGDIAPI': redefinition
  C:\Program Files (x86)\Windows Kits\8.1\Include\um\GL/gl.h(1157): note: see declaration of 'WINGDIAPI'
C:\Program Files (x86)\Windows Kits\8.1\Include\um\GL/gl.h(1170): error C2182: 'APIENTRY': illegal use of type 'void'
C:\Program Files (x86)\Windows Kits\8.1\Include\um\GL/gl.h(1170): error C2086: 'int APIENTRY': redefinition
  C:\Program Files (x86)\Windows Kits\8.1\Include\um\GL/gl.h(1157): note: see declaration of 'APIENTRY'
C:\Program Files (x86)\Windows Kits\8.1\Include\um\GL/gl.h(1170): error C2146: syntax error: missing ';' before identifier 'glClearDepth'
C:\Program Files (x86)\Windows Kits\8.1\Include\um\GL/gl.h(1171): error C2144: syntax error: 'void' should be preceded by ';'
C:\Program Files (x86)\Windows Kits\8.1\Include\um\GL/gl.h(1171): error C4430: missing type specifier - int assumed. Note: C++ does not support default-int
C:\Program Files (x86)\Windows Kits\8.1\Include\um\GL/gl.h(1171): error C2086: 'int WINGDIAPI': redefinition
  C:\Program Files (x86)\Windows Kits\8.1\Include\um\GL/gl.h(1157): note: see declaration of 'WINGDIAPI'
C:\Program Files (x86)\Windows Kits\8.1\Include\um\GL/gl.h(1171): error C2182: 'APIENTRY': illegal use of type 'void'
C:\Program Files (x86)\Windows Kits\8.1\Include\um\GL/gl.h(1171): error C2086: 'int APIENTRY': redefinition
  C:\Program Files (x86)\Windows Kits\8.1\Include\um\GL/gl.h(1157): note: see declaration of 'APIENTRY'
C:\Program Files (x86)\Windows Kits\8.1\Include\um\GL/gl.h(1171): error C2146: syntax error: missing ';' before identifier 'glClearIndex'
C:\Program Files (x86)\Windows Kits\8.1\Include\um\GL/gl.h(1172): error C2144: syntax error: 'void' should be preceded by ';'
C:\Program Files (x86)\Windows Kits\8.1\Include\um\GL/gl.h(1172): error C4430: missing type specifier - int assumed. Note: C++ does not support default-int
C:\Program Files (x86)\Windows Kits\8.1\Include\um\GL/gl.h(1172): error C2086: 'int WINGDIAPI': redefinition
  C:\Program Files (x86)\Windows Kits\8.1\Include\um\GL/gl.h(1157): note: see declaration of 'WINGDIAPI'
C:\Program Files (x86)\Windows Kits\8.1\Include\um\GL/gl.h(1172): error C2182: 'APIENTRY': illegal use of type 'void'
C:\Program Files (x86)\Windows Kits\8.1\Include\um\GL/gl.h(1172): error C2086: 'int APIENTRY': redefinition
  C:\Program Files (x86)\Windows Kits\8.1\Include\um\GL/gl.h(1157): note: see declaration of 'APIENTRY'
C:\Program Files (x86)\Windows Kits\8.1\Include\um\GL/gl.h(1172): error C2146: syntax error: missing ';' before identifier 'glClearStencil'
C:\Program Files (x86)\Windows Kits\8.1\Include\um\GL/gl.h(1173): error C2144: syntax error: 'void' should be preceded by ';'
C:\Program Files (x86)\Windows Kits\8.1\Include\um\GL/gl.h(1173): error C4430: missing type specifier - int assumed. Note: C++ does not support default-int
C:\Program Files (x86)\Windows Kits\8.1\Include\um\GL/gl.h(1173): error C2086: 'int WINGDIAPI': redefinition
  C:\Program Files (x86)\Windows Kits\8.1\Include\um\GL/gl.h(1157): note: see declaration of 'WINGDIAPI'
C:\Program Files (x86)\Windows Kits\8.1\Include\um\GL/gl.h(1173): error C2182: 'APIENTRY': illegal use of type 'void'
C:\Program Files (x86)\Windows Kits\8.1\Include\um\GL/gl.h(1173): error C2086: 'int APIENTRY': redefinition
  C:\Program Files (x86)\Windows Kits\8.1\Include\um\GL/gl.h(1157): note: see declaration of 'APIENTRY'
C:\Program Files (x86)\Windows Kits\8.1\Include\um\GL/gl.h(1173): error C2146: syntax error: missing ';' before identifier 'glClipPlane'
C:\Program Files (x86)\Windows Kits\8.1\Include\um\GL/gl.h(1174): error C2144: syntax error: 'void' should be preceded by ';'
C:\Program Files (x86)\Windows Kits\8.1\Include\um\GL/gl.h(1174): error C4430: missing type specifier - int assumed. Note: C++ does not support default-int
C:\Program Files (x86)\Windows Kits\8.1\Include\um\GL/gl.h(1174): error C2086: 'int WINGDIAPI': redefinition
  C:\Program Files (x86)\Windows Kits\8.1\Include\um\GL/gl.h(1157): note: see declaration of 'WINGDIAPI'
C:\Program Files (x86)\Windows Kits\8.1\Include\um\GL/gl.h(1174): error C2182: 'APIENTRY': illegal use of type 'void'
C:\Program Files (x86)\Windows Kits\8.1\Include\um\GL/gl.h(1174): error C2086: 'int APIENTRY': redefinition
  C:\Program Files (x86)\Windows Kits\8.1\Include\um\GL/gl.h(1157): note: see declaration of 'APIENTRY'
C:\Program Files (x86)\Windows Kits\8.1\Include\um\GL/gl.h(1174): error C2146: syntax error: missing ';' before identifier 'glColor3b'
C:\Program Files (x86)\Windows Kits\8.1\Include\um\GL/gl.h(1175): error C2144: syntax error: 'void' should be preceded by ';'
C:\Program Files (x86)\Windows Kits\8.1\Include\um\GL/gl.h(1175): error C4430: missing type specifier - int assumed. Note: C++ does not support default-int
C:\Program Files (x86)\Windows Kits\8.1\Include\um\GL/gl.h(1175): error C2086: 'int WINGDIAPI': redefinition
  C:\Program Files (x86)\Windows Kits\8.1\Include\um\GL/gl.h(1157): note: see declaration of 'WINGDIAPI'
C:\Program Files (x86)\Windows Kits\8.1\Include\um\GL/gl.h(1175): error C2182: 'APIENTRY': illegal use of type 'void'
C:\Program Files (x86)\Windows Kits\8.1\Include\um\GL/gl.h(1175): error C2086: 'int APIENTRY': redefinition
  C:\Program Files (x86)\Windows Kits\8.1\Include\um\GL/gl.h(1157): note: see declaration of 'APIENTRY'
C:\Program Files (x86)\Windows Kits\8.1\Include\um\GL/gl.h(1175): error C2146: syntax error: missing ';' before identifier 'glColor3bv'
C:\Program Files (x86)\Windows Kits\8.1\Include\um\GL/gl.h(1176): error C2144: syntax error: 'void' should be preceded by ';'
C:\Program Files (x86)\Windows Kits\8.1\Include\um\GL/gl.h(1176): error C4430: missing type specifier - int assumed. Note: C++ does not support default-int
C:\Program Files (x86)\Windows Kits\8.1\Include\um\GL/gl.h(1176): error C2086: 'int WINGDIAPI': redefinition
  C:\Program Files (x86)\Windows Kits\8.1\Include\um\GL/gl.h(1157): note: see declaration of 'WINGDIAPI'
C:\Program Files (x86)\Windows Kits\8.1\Include\um\GL/gl.h(1176): error C2182: 'APIENTRY': illegal use of type 'void'
C:\Program Files (x86)\Windows Kits\8.1\Include\um\GL/gl.h(1176): error C2086: 'int APIENTRY': redefinition
  C:\Program Files (x86)\Windows Kits\8.1\Include\um\GL/gl.h(1157): note: see declaration of 'APIENTRY'
C:\Program Files (x86)\Windows Kits\8.1\Include\um\GL/gl.h(1176): error C2146: syntax error: missing ';' before identifier 'glColor3d'
C:\Program Files (x86)\Windows Kits\8.1\Include\um\GL/gl.h(1177): error C2144: syntax error: 'void' should be preceded by ';'
C:\Program Files (x86)\Windows Kits\8.1\Include\um\GL/gl.h(1177): error C4430: missing type specifier - int assumed. Note: C++ does not support default-int
C:\Program Files (x86)\Windows Kits\8.1\Include\um\GL/gl.h(1177): error C2086: 'int WINGDIAPI': redefinition
  C:\Program Files (x86)\Windows Kits\8.1\Include\um\GL/gl.h(1157): note: see declaration of 'WINGDIAPI'
C:\Program Files (x86)\Windows Kits\8.1\Include\um\GL/gl.h(1177): error C2182: 'APIENTRY': illegal use of type 'void'
C:\Program Files (x86)\Windows Kits\8.1\Include\um\GL/gl.h(1177): error C2086: 'int APIENTRY': redefinition
  C:\Program Files (x86)\Windows Kits\8.1\Include\um\GL/gl.h(1157): note: see declaration of 'APIENTRY'
C:\Program Files (x86)\Windows Kits\8.1\Include\um\GL/gl.h(1177): error C2146: syntax error: missing ';' before identifier 'glColor3dv'
C:\Program Files (x86)\Windows Kits\8.1\Include\um\GL/gl.h(1178): error C2144: syntax error: 'void' should be preceded by ';'
C:\Program Files (x86)\Windows Kits\8.1\Include\um\GL/gl.h(1178): fatal error C1003: error count exceeds 100; stopping compilation
